0 info it worked if it ends with ok
1 verbose cli [ '/usr/local/Cellar/node/5.5.0/bin/node',
1 verbose cli   '/usr/local/bin/npm',
1 verbose cli   'start' ]
2 info using npm@3.5.3
3 info using node@v5.5.0
4 verbose run-script [ 'prestart', 'start', 'poststart' ]
5 info lifecycle downtime@1.0.0~prestart: downtime@1.0.0
6 silly lifecycle downtime@1.0.0~prestart: no script for prestart, continuing
7 info lifecycle downtime@1.0.0~start: downtime@1.0.0
8 verbose lifecycle downtime@1.0.0~start: unsafe-perm in lifecycle true
9 verbose lifecycle downtime@1.0.0~start: PATH: /usr/local/lib/node_modules/npm/bin/node-gyp-bin:/Users/dev/dev/sand/downtime/node_modules/.bin:/usr/local/git/bin:/sw/bin/:/usr/local/bin:/usr/local/:/usr/local/sbin:/usr/local/mysql/bin:/Library/Developer/android-sdk/tools:/Library/Developer/android-sdk/platform-tools:/Users/dev/.fzf/bin/:/Library/Frameworks/Mono.framework/Versions/Current/bin:/usr/local/bin:/usr/bin:/bin:/usr/sbin:/sbin:/opt/X11/bin:/usr/local/MacGPG2/bin:/usr/local/bin/
10 verbose lifecycle downtime@1.0.0~start: CWD: /Users/dev/dev/sand/downtime
11 silly lifecycle downtime@1.0.0~start: Args: [ '-c', 'npm test && gulp' ]
12 silly lifecycle downtime@1.0.0~start: Returned: code: 1  signal: null
13 info lifecycle downtime@1.0.0~start: Failed to exec start script
14 verbose stack Error: downtime@1.0.0 start: `npm test && gulp`
14 verbose stack Exit status 1
14 verbose stack     at EventEmitter.<anonymous> (/usr/local/lib/node_modules/npm/lib/utils/lifecycle.js:232:16)
14 verbose stack     at emitTwo (events.js:100:13)
14 verbose stack     at EventEmitter.emit (events.js:185:7)
14 verbose stack     at ChildProcess.<anonymous> (/usr/local/lib/node_modules/npm/lib/utils/spawn.js:24:14)
14 verbose stack     at emitTwo (events.js:100:13)
14 verbose stack     at ChildProcess.emit (events.js:185:7)
14 verbose stack     at maybeClose (internal/child_process.js:821:16)
14 verbose stack     at Process.ChildProcess._handle.onexit (internal/child_process.js:211:5)
15 verbose pkgid downtime@1.0.0
16 verbose cwd /Users/dev/dev/sand/downtime
17 error Darwin 15.2.0
18 error argv "/usr/local/Cellar/node/5.5.0/bin/node" "/usr/local/bin/npm" "start"
19 error node v5.5.0
20 error npm  v3.5.3
21 error code ELIFECYCLE
22 error downtime@1.0.0 start: `npm test && gulp`
22 error Exit status 1
23 error Failed at the downtime@1.0.0 start script 'npm test && gulp'.
23 error Make sure you have the latest version of node.js and npm installed.
23 error If you do, this is most likely a problem with the downtime package,
23 error not with npm itself.
23 error Tell the author that this fails on your system:
23 error     npm test && gulp
23 error You can get information on how to open an issue for this project with:
23 error     npm bugs downtime
23 error Or if that isn't available, you can get their info via:
23 error     npm owner ls downtime
23 error There is likely additional logging output above.
24 verbose exit [ 1, true ]
